This is pdfTeX, Version 3.14159265-2.6-1.40.16 (TeX Live 2015/Debian) (preloaded format=pdflatex 2016.11.13)  13 MAY 2017 15:20
entering extended mode
 restricted \write18 enabled.
 %&-line parsing enabled.
**problem_2.tex
(./problem_2.tex
LaTeX2e <2016/02/01>
Babel <3.9q> and hyphenation patterns for 12 language(s) loaded.
! Undefined control sequence.
l.1 \section
            {–ü–æ—Å—Ç—Ä–æ–µ–Ω–∏–µ –ú–¢–ß –î–û–£}\label{problem_1}
The control sequence at the end of the top line
of your error message was never \def'ed. If you have
misspelled it (e.g., `\hobx'), type `I' and the correct
spelling (e.g., `I\hbox'). Otherwise just continue,
and I'll forget about whatever was undefined.


! LaTeX Error: Missing \begin{document}.

See the LaTeX manual or LaTeX Companion for explanation.
Type  H <return>  for immediate help.
 ...                                              
                                                  
l.1 \section{–
              ü–æ—Å—Ç—Ä–æ–µ–Ω–∏–µ –ú–¢–ß –î–û–£}\label{problem_1}
You're in trouble here.  Try typing  <return>  to proceed.
If that doesn't work, type  X <return>  to quit.

Missing character: There is no – in font nullfont!
Missing character: There is no ü in font nullfont!
Missing character: There is no – in font nullfont!
Missing character: There is no æ in font nullfont!
Missing character: There is no — in font nullfont!
Missing character: There is no Å in font nullfont!
Missing character: There is no — in font nullfont!
Missing character: There is no Ç in font nullfont!
Missing character: There is no — in font nullfont!
Missing character: There is no Ä in font nullfont!
Missing character: There is no – in font nullfont!
Missing character: There is no æ in font nullfont!
Missing character: There is no – in font nullfont!
Missing character: There is no µ in font nullfont!
Missing character: There is no – in font nullfont!
Missing character: There is no Ω in font nullfont!
Missing character: There is no – in font nullfont!
Missing character: There is no ∏ in font nullfont!
Missing character: There is no – in font nullfont!
Missing character: There is no µ in font nullfont!
Missing character: There is no – in font nullfont!
Missing character: There is no ú in font nullfont!
Missing character: There is no – in font nullfont!
Missing character: There is no ¢ in font nullfont!
Missing character: There is no – in font nullfont!
Missing character: There is no ß in font nullfont!
Missing character: There is no – in font nullfont!
Missing character: There is no î in font nullfont!
Missing character: There is no – in font nullfont!
Missing character: There is no û in font nullfont!
Missing character: There is no – in font nullfont!
Missing character: There is no £ in font nullfont!

Overfull \hbox (20.0pt too wide) in paragraph at lines 1--2
[]
 []


! LaTeX Error: Missing \begin{document}.

See the LaTeX manual or LaTeX Companion for explanation.
Type  H <return>  for immediate help.
 ...                                              
                                                  
l.3 \begin{enumerate}
                     
You're in trouble here.  Try typing  <return>  to proceed.
If that doesn't work, type  X <return>  to quit.


Overfull \hbox (20.0pt too wide) in paragraph at lines 3--3
[] 
 []

Missing character: There is no – in font nullfont!
Missing character: There is no ü in font nullfont!
Missing character: There is no – in font nullfont!
Missing character: There is no µ in font nullfont!
Missing character: There is no — in font nullfont!
Missing character: There is no Ä in font nullfont!
Missing character: There is no – in font nullfont!
Missing character: There is no µ in font nullfont!
Missing character: There is no – in font nullfont!
Missing character: There is no π in font nullfont!
Missing character: There is no — in font nullfont!
Missing character: There is no Ç in font nullfont!
Missing character: There is no – in font nullfont!
Missing character: There is no ∏ in font nullfont!
Missing character: There is no – in font nullfont!
Missing character: There is no ∫ in font nullfont!
Missing character: There is no – in font nullfont!
Missing character: There is no ¥ in font nullfont!
Missing character: There is no – in font nullfont!
Missing character: There is no ∏ in font nullfont!
Missing character: There is no — in font nullfont!
Missing character: There is no Å in font nullfont!
Missing character: There is no – in font nullfont!
Missing character: There is no ∫ in font nullfont!
Missing character: There is no — in font nullfont!
Missing character: There is no Ä in font nullfont!
Missing character: There is no – in font nullfont!
Missing character: There is no µ in font nullfont!
Missing character: There is no — in font nullfont!
Missing character: There is no Ç in font nullfont!
Missing character: There is no – in font nullfont!
Missing character: There is no Ω in font nullfont!
Missing character: There is no – in font nullfont!
Missing character: There is no æ in font nullfont!
Missing character: There is no – in font nullfont!
Missing character: There is no º in font nullfont!
Missing character: There is no — in font nullfont!
Missing character: There is no É in font nullfont!
Missing character: There is no – in font nullfont!
Missing character: There is no æ in font nullfont!
Missing character: There is no – in font nullfont!
Missing character: There is no ø in font nullfont!
Missing character: There is no – in font nullfont!
Missing character: There is no ∏ in font nullfont!
Missing character: There is no — in font nullfont!
Missing character: There is no Å in font nullfont!
Missing character: There is no – in font nullfont!
Missing character: There is no ∞ in font nullfont!
Missing character: There is no – in font nullfont!
Missing character: There is no Ω in font nullfont!
Missing character: There is no – in font nullfont!
Missing character: There is no ∏ in font nullfont!
Missing character: There is no — in font nullfont!
Missing character: There is no é in font nullfont!
Missing character: There is no – in font nullfont!
Missing character: There is no û in font nullfont!
Missing character: There is no – in font nullfont!
Missing character: There is no £ in font nullfont!
Missing character: There is no — in font nullfont!
Missing character: There is no Å in font nullfont!
Missing character: There is no – in font nullfont!
Missing character: There is no ø in font nullfont!
Missing character: There is no – in font nullfont!
Missing character: There is no æ in font nullfont!
Missing character: There is no – in font nullfont!
Missing character: There is no º in font nullfont!
Missing character: There is no – in font nullfont!
Missing character: There is no æ in font nullfont!
Missing character: There is no — in font nullfont!
Missing character: There is no â in font nullfont!
Missing character: There is no — in font nullfont!
Missing character: There is no å in font nullfont!
Missing character: There is no — in font nullfont!
Missing character: There is no é in font nullfont!
Missing character: There is no – in font nullfont!
Missing character: There is no ∏ in font nullfont!
Missing character: There is no – in font nullfont!
Missing character: There is no Ω in font nullfont!
Missing character: There is no — in font nullfont!
Missing character: There is no Ç in font nullfont!
Missing character: There is no – in font nullfont!
Missing character: There is no µ in font nullfont!
Missing character: There is no – in font nullfont!
Missing character: There is no ≥ in font nullfont!
Missing character: There is no — in font nullfont!
Missing character: There is no Ä in font nullfont!
Missing character: There is no – in font nullfont!
Missing character: There is no ∞ in font nullfont!
Missing character: There is no – in font nullfont!
Missing character: There is no ª in font nullfont!
Missing character: There is no — in font nullfont!
Missing character: There is no å in font nullfont!
Missing character: There is no – in font nullfont!
Missing character: There is no Ω in font nullfont!
Missing character: There is no – in font nullfont!
Missing character: There is no æ in font nullfont!
Missing character: There is no – in font nullfont!
Missing character: There is no π in font nullfont!
Missing character: There is no – in font nullfont!
Missing character: There is no º in font nullfont!
Missing character: There is no – in font nullfont!
Missing character: There is no æ in font nullfont!
Missing character: There is no – in font nullfont!
Missing character: There is no ¥ in font nullfont!
Missing character: There is no – in font nullfont!
Missing character: There is no µ in font nullfont!
Missing character: There is no – in font nullfont!
Missing character: There is no ª in font nullfont!
Missing character: There is no – in font nullfont!
Missing character: There is no ∏ in font nullfont!
Missing character: There is no – in font nullfont!
Missing character: There is no í in font nullfont!
Missing character: There is no – in font nullfont!
Missing character: There is no ° in font nullfont!
Missing character: There is no – in font nullfont!
Missing character: There is no í in font nullfont!
Missing character: There is no – in font nullfont!
Missing character: There is no ù in font nullfont!
Missing character: There is no – in font nullfont!
Missing character: There is no û in font nullfont!
Missing character: There is no – in font nullfont!
Missing character: There is no £ in font nullfont!
Missing character: There is no ; in font nullfont!
Missing character: There is no – in font nullfont!
Missing character: There is no ü in font nullfont!
Missing character: There is no – in font nullfont!
Missing character: There is no æ in font nullfont!
Missing character: There is no — in font nullfont!
Missing character: There is no Å in font nullfont!
Missing character: There is no — in font nullfont!
Missing character: There is no Ç in font nullfont!
Missing character: There is no — in font nullfont!
Missing character: There is no Ä in font nullfont!
Missing character: There is no – in font nullfont!
Missing character: There is no æ in font nullfont!
Missing character: There is no – in font nullfont!
Missing character: There is no ∏ in font nullfont!
Missing character: There is no — in font nullfont!
Missing character: There is no Ç in font nullfont!
Missing character: There is no — in font nullfont!
Missing character: There is no å in font nullfont!
Missing character: There is no – in font nullfont!
Missing character: There is no º in font nullfont!
Missing character: There is no – in font nullfont!
Missing character: There is no æ in font nullfont!
Missing character: There is no – in font nullfont!
Missing character: There is no ¥ in font nullfont!
Missing character: There is no – in font nullfont!
Missing character: There is no µ in font nullfont!
Missing character: There is no – in font nullfont!
Missing character: There is no ª in font nullfont!
Missing character: There is no — in font nullfont!
Missing character: There is no å in font nullfont!
Missing character: There is no — in font nullfont!
Missing character: There is no Ç in font nullfont!
Missing character: There is no — in font nullfont!
Missing character: There is no Ä in font nullfont!
Missing character: There is no – in font nullfont!
Missing character: There is no ∞ in font nullfont!
Missing character: There is no – in font nullfont!
Missing character: There is no µ in font nullfont!
Missing character: There is no – in font nullfont!
Missing character: There is no ∫ in font nullfont!
Missing character: There is no — in font nullfont!
Missing character: There is no Ç in font nullfont!
Missing character: There is no – in font nullfont!
Missing character: There is no æ in font nullfont!
Missing character: There is no — in font nullfont!
Missing character: There is no Ä in font nullfont!
Missing character: There is no – in font nullfont!
Missing character: There is no Ω in font nullfont!
Missing character: There is no – in font nullfont!
Missing character: There is no æ in font nullfont!
Missing character: There is no – in font nullfont!
Missing character: There is no π in font nullfont!
Missing character: There is no — in font nullfont!
Missing character: There is no á in font nullfont!
Missing character: There is no — in font nullfont!
Missing character: There is no É in font nullfont!
Missing character: There is no – in font nullfont!
Missing character: There is no ≤ in font nullfont!
Missing character: There is no — in font nullfont!
Missing character: There is no Å in font nullfont!
Missing character: There is no — in font nullfont!
Missing character: There is no Ç in font nullfont!
Missing character: There is no – in font nullfont!
Missing character: There is no ≤ in font nullfont!
Missing character: There is no – in font nullfont!
Missing character: There is no ∏ in font nullfont!
Missing character: There is no — in font nullfont!
Missing character: There is no Ç in font nullfont!
Missing character: There is no – in font nullfont!
Missing character: There is no µ in font nullfont!
Missing character: There is no – in font nullfont!
Missing character: There is no ª in font nullfont!
Missing character: There is no — in font nullfont!
Missing character: There is no å in font nullfont!
Missing character: There is no – in font nullfont!
Missing character: There is no Ω in font nullfont!
Missing character: There is no – in font nullfont!
Missing character: There is no æ in font nullfont!
Missing character: There is no — in font nullfont!
Missing character: There is no Å in font nullfont!
Missing character: There is no — in font nullfont!
Missing character: There is no Ç in font nullfont!
Missing character: There is no – in font nullfont!
Missing character: There is no ∏ in font nullfont!
Missing character: There is no ( in font nullfont!
Missing character: There is no – in font nullfont!
Missing character: There is no ú in font nullfont!
Missing character: There is no – in font nullfont!
Missing character: There is no ¢ in font nullfont!
Missing character: There is no – in font nullfont!
Missing character: There is no ß in font nullfont!
Missing character: There is no ) in font nullfont!
Missing character: There is no – in font nullfont!
Missing character: There is no ¥ in font nullfont!
Missing character: There is no – in font nullfont!
Missing character: There is no ∏ in font nullfont!
Missing character: There is no — in font nullfont!
Missing character: There is no Å in font nullfont!
Missing character: There is no – in font nullfont!
Missing character: There is no ∫ in font nullfont!
Missing character: There is no — in font nullfont!
Missing character: There is no Ä in font nullfont!
Missing character: There is no – in font nullfont!
Missing character: There is no µ in font nullfont!
Missing character: There is no — in font nullfont!
Missing character: There is no Ç in font nullfont!
Missing character: There is no – in font nullfont!
Missing character: There is no Ω in font nullfont!
Missing character: There is no – in font nullfont!
Missing character: There is no æ in font nullfont!
Missing character: There is no – in font nullfont!
Missing character: There is no ≥ in font nullfont!
Missing character: There is no – in font nullfont!
Missing character: There is no æ in font nullfont!
Missing character: There is no – in font nullfont!
Missing character: There is no û in font nullfont!
Missing character: There is no – in font nullfont!
Missing character: There is no £ in font nullfont!
Missing character: There is no ( in font nullfont!
Missing character: There is no – in font nullfont!
Missing character: There is no î in font nullfont!
Missing character: There is no – in font nullfont!
Missing character: There is no û in font nullfont!
Missing character: There is no – in font nullfont!
Missing character: There is no £ in font nullfont!
Missing character: There is no ) in font nullfont!
Missing character: There is no – in font nullfont!
Missing character: There is no ∫ in font nullfont!
Missing character: There is no – in font nullfont!
Missing character: There is no ≤ in font nullfont!
Missing character: There is no – in font nullfont!
Missing character: There is no ∞ in font nullfont!
Missing character: There is no — in font nullfont!
Missing character: There is no Ä in font nullfont!
Missing character: There is no – in font nullfont!
Missing character: There is no ∏ in font nullfont!
Missing character: There is no – in font nullfont!
Missing character: There is no ∞ in font nullfont!
Missing character: There is no — in font nullfont!
Missing character: There is no Ü in font nullfont!
Missing character: There is no – in font nullfont!
Missing character: There is no ∏ in font nullfont!
Missing character: There is no – in font nullfont!
Missing character: There is no ∏ in font nullfont!
Missing character: There is no – in font nullfont!
Missing character: There is no ∏ in font nullfont!
Missing character: There is no – in font nullfont!
Missing character: There is no Ω in font nullfont!
Missing character: There is no — in font nullfont!
Missing character: There is no Ç in font nullfont!
Missing character: There is no – in font nullfont!
Missing character: There is no µ in font nullfont!
Missing character: There is no — in font nullfont!
Missing character: There is no Ä in font nullfont!
Missing character: There is no – in font nullfont!
Missing character: There is no ≤ in font nullfont!
Missing character: There is no – in font nullfont!
Missing character: There is no ∞ in font nullfont!
Missing character: There is no – in font nullfont!
Missing character: There is no ª in font nullfont!
Missing character: There is no – in font nullfont!
Missing character: There is no ∞ in font nullfont!
Missing character: There is no – in font nullfont!
Missing character: There is no ¥ in font nullfont!
Missing character: There is no – in font nullfont!
Missing character: There is no ∏ in font nullfont!
Missing character: There is no — in font nullfont!
Missing character: There is no Å in font nullfont!
Missing character: There is no – in font nullfont!
Missing character: There is no ∫ in font nullfont!
Missing character: There is no — in font nullfont!
Missing character: There is no Ä in font nullfont!
Missing character: There is no – in font nullfont!
Missing character: There is no µ in font nullfont!
Missing character: There is no — in font nullfont!
Missing character: There is no Ç in font nullfont!
Missing character: There is no – in font nullfont!
Missing character: There is no Ω in font nullfont!
Missing character: There is no – in font nullfont!
Missing character: There is no æ in font nullfont!
Missing character: There is no — in font nullfont!
Missing character: There is no Å in font nullfont!
Missing character: There is no — in font nullfont!
Missing character: There is no Ç in font nullfont!
Missing character: There is no – in font nullfont!
Missing character: There is no ∏ in font nullfont!
Missing character: There is no ; in font nullfont!
! Undefined control sequence.
l.9 \subsection
               {–ü–µ—Ä–µ—Ö–æ–¥ –∫ –¥–∏—Å–∫—Ä–µ—Ç–Ω–æ–º—É –æ–ø–∏—Å–∞–Ω–∏—é –û–£}
The control sequence at the end of the top line
of your error message was never \def'ed. If you have
misspelled it (e.g., `\hobx'), type `I' and the correct
spelling (e.g., `I\hbox'). Otherwise just continue,
and I'll forget about whatever was undefined.

Missing character: There is no – in font nullfont!
Missing character: There is no ü in font nullfont!
Missing character: There is no – in font nullfont!
Missing character: There is no µ in font nullfont!
Missing character: There is no — in font nullfont!
Missing character: There is no Ä in font nullfont!
Missing character: There is no – in font nullfont!
Missing character: There is no µ in font nullfont!
Missing character: There is no — in font nullfont!
Missing character: There is no Ö in font nullfont!
Missing character: There is no – in font nullfont!
Missing character: There is no æ in font nullfont!
Missing character: There is no – in font nullfont!
Missing character: There is no ¥ in font nullfont!
Missing character: There is no – in font nullfont!
Missing character: There is no ∫ in font nullfont!
Missing character: There is no – in font nullfont!
Missing character: There is no ¥ in font nullfont!
Missing character: There is no – in font nullfont!
Missing character: There is no ∏ in font nullfont!
Missing character: There is no — in font nullfont!
Missing character: There is no Å in font nullfont!
Missing character: There is no – in font nullfont!
Missing character: There is no ∫ in font nullfont!
Missing character: There is no — in font nullfont!
Missing character: There is no Ä in font nullfont!
Missing character: There is no – in font nullfont!
Missing character: There is no µ in font nullfont!
Missing character: There is no — in font nullfont!
Missing character: There is no Ç in font nullfont!
Missing character: There is no – in font nullfont!
Missing character: There is no Ω in font nullfont!
Missing character: There is no – in font nullfont!
Missing character: There is no æ in font nullfont!
Missing character: There is no – in font nullfont!
Missing character: There is no º in font nullfont!
Missing character: There is no — in font nullfont!
Missing character: There is no É in font nullfont!
Missing character: There is no – in font nullfont!
Missing character: There is no æ in font nullfont!
Missing character: There is no – in font nullfont!
Missing character: There is no ø in font nullfont!
Missing character: There is no – in font nullfont!
Missing character: There is no ∏ in font nullfont!
Missing character: There is no — in font nullfont!
Missing character: There is no Å in font nullfont!
Missing character: There is no – in font nullfont!
Missing character: There is no ∞ in font nullfont!
Missing character: There is no – in font nullfont!
Missing character: There is no Ω in font nullfont!
Missing character: There is no – in font nullfont!
Missing character: There is no ∏ in font nullfont!
Missing character: There is no — in font nullfont!
Missing character: There is no é in font nullfont!
Missing character: There is no – in font nullfont!
Missing character: There is no û in font nullfont!
Missing character: There is no – in font nullfont!
Missing character: There is no £ in font nullfont!

Overfull \hbox (20.0pt too wide) in paragraph at lines 9--10
[]
 []

Missing character: There is no – in font nullfont!
Missing character: There is no î in font nullfont!
Missing character: There is no – in font nullfont!
Missing character: There is no ∏ in font nullfont!
Missing character: There is no — in font nullfont!
Missing character: There is no Å in font nullfont!
Missing character: There is no – in font nullfont!
Missing character: There is no ∫ in font nullfont!
Missing character: There is no — in font nullfont!
Missing character: There is no Ä in font nullfont!
Missing character: There is no – in font nullfont!
Missing character: There is no µ in font nullfont!
Missing character: There is no — in font nullfont!
Missing character: There is no Ç in font nullfont!
Missing character: There is no – in font nullfont!
Missing character: There is no Ω in font nullfont!
Missing character: There is no – in font nullfont!
Missing character: There is no æ in font nullfont!
Missing character: There is no – in font nullfont!
Missing character: There is no µ in font nullfont!
Missing character: There is no – in font nullfont!
Missing character: There is no æ in font nullfont!
Missing character: There is no – in font nullfont!
Missing character: There is no ø in font nullfont!
Missing character: There is no – in font nullfont!
Missing character: There is no ∏ in font nullfont!
Missing character: There is no — in font nullfont!
Missing character: There is no Å in font nullfont!
Missing character: There is no – in font nullfont!
Missing character: There is no ∞ in font nullfont!
Missing character: There is no – in font nullfont!
Missing character: There is no Ω in font nullfont!
Missing character: There is no – in font nullfont!
Missing character: There is no ∏ in font nullfont!
Missing character: There is no – in font nullfont!
Missing character: There is no µ in font nullfont!
Missing character: There is no – in font nullfont!
Missing character: There is no û in font nullfont!
Missing character: There is no – in font nullfont!
Missing character: There is no £ in font nullfont!
Missing character: There is no – in font nullfont!
Missing character: There is no ∏ in font nullfont!
Missing character: There is no – in font nullfont!
Missing character: There is no º in font nullfont!
Missing character: There is no – in font nullfont!
Missing character: There is no µ in font nullfont!
Missing character: There is no – in font nullfont!
Missing character: There is no µ in font nullfont!
Missing character: There is no — in font nullfont!
Missing character: There is no Ç in font nullfont!
Missing character: There is no – in font nullfont!
Missing character: There is no ≤ in font nullfont!
Missing character: There is no – in font nullfont!
Missing character: There is no ∏ in font nullfont!
Missing character: There is no – in font nullfont!
Missing character: There is no ¥ in font nullfont!

Overfull \hbox (20.0pt too wide) in paragraph at lines 11--12
[]
 []

LaTeX Font Info:    External font `cmex10' loaded for size
(Font)              <7> on input line 12.
LaTeX Font Info:    External font `cmex10' loaded for size
(Font)              <5> on input line 12.

Overfull \hbox (302.10434pt too wide) detected at line 17
[] \OT1/cmr/m/n/10 (\OML/cmm/m/it/10 k \OT1/cmr/m/n/10 + 1\OML/cmm/m/it/10 ; q\
OT1/cmr/m/n/10 ) = [](\OML/cmm/m/it/10 q\OT1/cmr/m/n/10 )\OML/cmm/m/it/10 x\OT1
/cmr/m/n/10 (\OML/cmm/m/it/10 k; q\OT1/cmr/m/n/10 ) + [](\OML/cmm/m/it/10 q\OT1
/cmr/m/n/10 )\OML/cmm/m/it/10 u\OT1/cmr/m/n/10 (\OML/cmm/m/it/10 k\OT1/cmr/m/n/
10 ); \OML/cmm/m/it/10 y\OT1/cmr/m/n/10 (\OML/cmm/m/it/10 k; q\OT1/cmr/m/n/10 )
 = [](\OML/cmm/m/it/10 q\OT1/cmr/m/n/10 )\OML/cmm/m/it/10 x\OT1/cmr/m/n/10 (\OM
L/cmm/m/it/10 k; q\OT1/cmr/m/n/10 ) + [](\OML/cmm/m/it/10 q\OT1/cmr/m/n/10 )\OM
L/cmm/m/it/10 u\OT1/cmr/m/n/10 (\OML/cmm/m/it/10 k\OT1/cmr/m/n/10 )
 []


! LaTeX Error: The font size command \normalsize is not defined:
               there is probably something wrong with the class file.

See the LaTeX manual or LaTeX Companion for explanation.
Type  H <return>  for immediate help.
 ...                                              
                                                  
l.19 \newpage
             
Your command was ignored.
Type  I <command> <return>  to replace it with another command,
or  <return>  to continue without it.

[1
! Undefined control sequence.
<write> \newlabel{problem_1}{{}{\thepage 
                                         }}
l.19 \newpage
             
The control sequence at the end of the top line
of your error message was never \def'ed. If you have
misspelled it (e.g., `\hobx'), type `I' and the correct
spelling (e.g., `I\hbox'). Otherwise just continue,
and I'll forget about whatever was undefined.

\newlabel{problem_1}{{}{}}
{/var/lib/texmf/fonts/map/pdftex/updmap/pdftex.map}])
! Emergency stop.
<*> problem_2.tex
                 
*** (job aborted, no legal \end found)

 
Here is how much of TeX's memory you used:
 13 strings out of 494399
 221 string characters out of 6172182
 50254 words of memory out of 5000000
 3414 multiletter control sequences out of 15000+600000
 3640 words of font info for 14 fonts, out of 8000000 for 9000
 452 hyphenation exceptions out of 8191
 18i,6n,12p,230b,111s stack positions out of 5000i,500n,10000p,200000b,80000s
!  ==> Fatal error occurred, no output PDF file produced!
